Release 14.7 - xst P.20131013 (nt64)
Copyright (c) 1995-2013 Xilinx, Inc.  All rights reserved.
--> Parameter TMPDIR set to xst/projnav.tmp


Total REAL time to Xst completion: 0.00 secs
Total CPU time to Xst completion: 0.09 secs
 
--> Parameter xsthdpdir set to xst


Total REAL time to Xst completion: 0.00 secs
Total CPU time to Xst completion: 0.10 secs
 
--> Reading design: led_blink.prj

TABLE OF CONTENTS
  1) Synthesis Options Summary
  2) HDL Parsing
  3) HDL Elaboration
  4) HDL Synthesis
       4.1) HDL Synthesis Report
  5) Advanced HDL Synthesis
       5.1) Advanced HDL Synthesis Report
  6) Low Level Synthesis
  7) Partition Report
  8) Design Summary
       8.1) Primitive and Black Box Usage
       8.2) Device utilization summary
       8.3) Partition Resource Summary
       8.4) Timing Report
            8.4.1) Clock Information
            8.4.2) Asynchronous Control Signals Information
            8.4.3) Timing Summary
            8.4.4) Timing Details
            8.4.5) Cross Clock Domains Report


=========================================================================
*                      Synthesis Options Summary                        *
=========================================================================
---- Source Parameters
Input File Name                    : "led_blink.prj"
Ignore Synthesis Constraint File   : NO

---- Target Parameters
Output File Name                   : "led_blink"
Output Format                      : NGC
Target Device                      : xc7z020-1-clg484

---- Source Options
Top Module Name                    : led_blink
Automatic FSM Extraction           : YES
FSM Encoding Algorithm             : Auto
Safe Implementation                : No
FSM Style                          : LUT
RAM Extraction                     : Yes
RAM Style                          : Auto
ROM Extraction                     : Yes
Shift Register Extraction          : YES
ROM Style                          : Auto
Resource Sharing                   : YES
Asynchronous To Synchronous        : NO
Shift Register Minimum Size        : 2
Use DSP Block                      : Auto
Automatic Register Balancing       : No

---- Target Options
LUT Combining                      : Auto
Reduce Control Sets                : Auto
Add IO Buffers                     : YES
Global Maximum Fanout              : 100000
Add Generic Clock Buffer(BUFG)     : 32
Register Duplication               : YES
Optimize Instantiated Primitives   : NO
Use Clock Enable                   : Auto
Use Synchronous Set                : Auto
Use Synchronous Reset              : Auto
Pack IO Registers into IOBs        : Auto
Equivalent register Removal        : YES

---- General Options
Optimization Goal                  : Speed
Optimization Effort                : 1
Power Reduction                    : NO
Keep Hierarchy                     : No
Netlist Hierarchy                  : As_Optimized
RTL Output                         : Yes
Global Optimization                : AllClockNets
Read Cores                         : YES
Write Timing Constraints           : NO
Cross Clock Analysis               : NO
Hierarchy Separator                : /
Bus Delimiter                      : <>
Case Specifier                     : Maintain
Slice Utilization Ratio            : 100
BRAM Utilization Ratio             : 100
DSP48 Utilization Ratio            : 100
Auto BRAM Packing                  : NO
Slice Utilization Ratio Delta      : 5

=========================================================================


=========================================================================
*                          HDL Parsing                                  *
=========================================================================
Parsing VHDL file "E:\ISE PRACTICE\led\led\led.vhd" into library work
Parsing entity <led_blink>.
Parsing architecture <Behavioral> of entity <led_blink>.

=========================================================================
*                            HDL Elaboration                            *
=========================================================================

Elaborating entity <led_blink> (architecture <Behavioral>) from library <work>.

=========================================================================
*                           HDL Synthesis                               *
=========================================================================

Synthesizing Unit <led_blink>.
    Related source file is "E:\ISE PRACTICE\led\led\led.vhd".
    Found 1-bit register for signal <led>.
    Found 25-bit register for signal <counter>.
    Found 25-bit adder for signal <counter[24]_GND_5_o_add_1_OUT> created at line 22.
    Found 25-bit comparator greater for signal <counter[24]_PWR_5_o_LessThan_1_o> created at line 21
    Summary:
	inferred   1 Adder/Subtractor(s).
	inferred  26 D-type flip-flop(s).
	inferred   1 Comparator(s).
Unit <led_blink> synthesized.

=========================================================================
HDL Synthesis Report

Macro Statistics
# Adders/Subtractors                                   : 1
 25-bit adder                                          : 1
# Registers                                            : 2
 1-bit register                                        : 1
 25-bit register                                       : 1
# Comparators                                          : 1
 25-bit comparator greater                             : 1

=========================================================================

=========================================================================
*                       Advanced HDL Synthesis                          *
=========================================================================


Synthesizing (advanced) Unit <led_blink>.
The following registers are absorbed into counter <counter>: 1 register on signal <counter>.
Unit <led_blink> synthesized (advanced).

=========================================================================
Advanced HDL Synthesis Report

Macro Statistics
# Counters                                             : 1
 25-bit up counter                                     : 1
# Registers                                            : 1
 Flip-Flops                                            : 1
# Comparators                                          : 1
 25-bit comparator greater                             : 1

=========================================================================

=========================================================================
*                         Low Level Synthesis                           *
=========================================================================

Optimizing unit <led_blink> ...

Mapping all equations...
Building and optimizing final netlist ...
Found area constraint ratio of 100 (+ 5) on block led_blink, actual ratio is 0.

Final Macro Processing ...

=========================================================================
Final Register Report

Macro Statistics
# Registers                                            : 26
 Flip-Flops                                            : 26

=========================================================================

=========================================================================
*                           Partition Report                            *
=========================================================================

Partition Implementation Status
-------------------------------

  No Partitions were found in this design.

-------------------------------

=========================================================================
*                            Design Summary                             *
=========================================================================

Top Level Output File Name         : led_blink.ngc

Primitive and Black Box Usage:
------------------------------
# BELS                             : 114
#      GND                         : 1
#      INV                         : 1
#      LUT1                        : 24
#      LUT2                        : 25
#      LUT3                        : 2
#      LUT5                        : 3
#      LUT6                        : 6
#      MUXCY                       : 24
#      MUXF7                       : 2
#      VCC                         : 1
#      XORCY                       : 25
# FlipFlops/Latches                : 26
#      FD                          : 26
# Clock Buffers                    : 1
#      BUFGP                       : 1
# IO Buffers                       : 1
#      OBUF                        : 1

Device utilization summary:
---------------------------

Selected Device : 7z020clg484-1 


Slice Logic Utilization: 
 Number of Slice Registers:              26  out of  106400     0%  
 Number of Slice LUTs:                   61  out of  53200     0%  
    Number used as Logic:                61  out of  53200     0%  

Slice Logic Distribution: 
 Number of LUT Flip Flop pairs used:     61
   Number with an unused Flip Flop:      35  out of     61    57%  
   Number with an unused LUT:             0  out of     61     0%  
   Number of fully used LUT-FF pairs:    26  out of     61    42%  
   Number of unique control sets:         1

IO Utilization: 
 Number of IOs:                           2
 Number of bonded IOBs:                   2  out of    200     1%  

Specific Feature Utilization:
 Number of BUFG/BUFGCTRLs:                1  out of     32     3%  

---------------------------
Partition Resource Summary:
---------------------------

  No Partitions were found in this design.

---------------------------


=========================================================================
Timing Report

NOTE: THESE TIMING NUMBERS ARE ONLY A SYNTHESIS ESTIMATE.
      FOR ACCURATE TIMING INFORMATION PLEASE REFER TO THE TRACE REPORT
      GENERATED AFTER PLACE-and-ROUTE.

Clock Information:
------------------
-----------------------------------+------------------------+-------+
Clock Signal                       | Clock buffer(FF name)  | Load  |
-----------------------------------+------------------------+-------+
clk_50MHz                          | BUFGP                  | 26    |
-----------------------------------+------------------------+-------+

Asynchronous Control Signals Information:
----------------------------------------
No asynchronous control signals found in this design

Timing Summary:
---------------
Speed Grade: -1

   Minimum period: 2.391ns (Maximum Frequency: 418.235MHz)
   Minimum input arrival time before clock: No path found
   Maximum output required time after clock: 0.695ns
   Maximum combinational path delay: No path found

Timing Details:
---------------
All values displayed in nanoseconds (ns)

=========================================================================
Timing constraint: Default period analysis for Clock 'clk_50MHz'
  Clock period: 2.391ns (frequency: 418.235MHz)
  Total number of paths / destination ports: 955 / 26
-------------------------------------------------------------------------
Delay:               2.391ns (Levels of Logic = 4)
  Source:            counter_14 (FF)
  Destination:       counter_1 (FF)
  Source Clock:      clk_50MHz rising
  Destination Clock: clk_50MHz rising

  Data Path: counter_14 to counter_1
                                Gate     Net
    Cell:in->out      fanout   Delay   Delay  Logical Name (Net Name)
    ----------------------------------------  ------------
     FD:C->Q               3   0.282   0.753  counter_14 (counter_14)
     LUT6:I0->O            1   0.053   0.000  counter[24]_PWR_5_o_LessThan_1_o_inv3_SW1_F (N9)
     MUXF7:I0->O           1   0.214   0.413  counter[24]_PWR_5_o_LessThan_1_o_inv3_SW1 (N7)
     LUT6:I5->O           24   0.053   0.559  counter[24]_PWR_5_o_LessThan_1_o_inv4 (counter[24]_PWR_5_o_LessThan_1_o_inv)
     LUT2:I1->O            1   0.053   0.000  counter_1_rstpot (counter_1_rstpot)
     FD:D                      0.011          counter_1
    ----------------------------------------
    Total                      2.391ns (0.666ns logic, 1.725ns route)
                                       (27.9% logic, 72.1% route)

=========================================================================
Timing constraint: Default OFFSET OUT AFTER for Clock 'clk_50MHz'
  Total number of paths / destination ports: 1 / 1
-------------------------------------------------------------------------
Offset:              0.695ns (Levels of Logic = 1)
  Source:            clk_1MHz (FF)
  Destination:       led (PAD)
  Source Clock:      clk_50MHz rising

  Data Path: clk_1MHz to led
                                Gate     Net
    Cell:in->out      fanout   Delay   Delay  Logical Name (Net Name)
    ----------------------------------------  ------------
     FD:C->Q               3   0.282   0.413  clk_1MHz (clk_1MHz)
     OBUF:I->O                 0.000          led_OBUF (led)
    ----------------------------------------
    Total                      0.695ns (0.282ns logic, 0.413ns route)
                                       (40.6% logic, 59.4% route)

=========================================================================

Cross Clock Domains Report:
--------------------------

Clock to Setup on destination clock clk_50MHz
---------------+---------+---------+---------+---------+
               | Src:Rise| Src:Fall| Src:Rise| Src:Fall|
Source Clock   |Dest:Rise|Dest:Rise|Dest:Fall|Dest:Fall|
---------------+---------+---------+---------+---------+
clk_50MHz      |    2.391|         |         |         |
---------------+---------+---------+---------+---------+

=========================================================================


Total REAL time to Xst completion: 6.00 secs
Total CPU time to Xst completion: 6.41 secs
 
--> 

Total memory usage is 4618008 kilobytes

Number of errors   :    0 (   0 filtered)
Number of warnings :    0 (   0 filtered)
Number of infos    :    0 (   0 filtered)

