
****** PlanAhead v14.7 (64-bit)
  **** Build 321239 by xbuild on Fri Sep 27 19:29:51 MDT 2013
    ** Copyright 1986-1999, 2001-2013 Xilinx, Inc. All Rights Reserved.

INFO: [Common 17-78] Attempting to get a license: PlanAhead
INFO: [Common 17-290] Got license for PlanAhead
INFO: [Device 21-36] Loading parts and site information from C:/Xilinx_ISE/14.7/ISE_DS/PlanAhead/data/parts/arch.xml
Parsing RTL primitives file [C:/Xilinx_ISE/14.7/ISE_DS/PlanAhead/data/parts/xilinx/rtl/prims/rtl_prims.xml]
Finished parsing RTL primitives file [C:/Xilinx_ISE/14.7/ISE_DS/PlanAhead/data/parts/xilinx/rtl/prims/rtl_prims.xml]
start_gui
source {E:/ISE PRACTICE/led/led/pa.fromHdl.tcl}
# create_project -name led -dir "E:/ISE PRACTICE/led/led/planAhead_run_1" -part xc7z020clg484-1
# set_param project.pinAheadLayout yes
# set srcset [get_property srcset [current_run -impl]]
# set_property target_constrs_file "led_blink.ucf" [current_fileset -constrset]
Adding file 'E:/ISE PRACTICE/led/led/led_blink.ucf' to fileset 'constrs_1'
# set hdlfile [add_files [list {led.vhd}]]
# set_property file_type VHDL $hdlfile
# set_property library work $hdlfile
# set_property top led_blink $srcset
# add_files [list {led_blink.ucf}] -fileset [get_property constrset [current_run]]
# open_rtl_design -part xc7z020clg484-1
Using Verific elaboration
Parsing VHDL file "C:/Xilinx_ISE/14.7/ISE_DS/PlanAhead/data/parts/xilinx/rtl/lib/synplify/synattr.vhd" into library synplify
Parsing VHDL file "C:/Xilinx_ISE/14.7/ISE_DS/PlanAhead/data/parts/xilinx/rtl/lib/synplify/synattr.vhd" into library synplify
Parsing VHDL file "E:/ISE PRACTICE/led/led/led.vhd" into library work
Loading clock regions from C:/Xilinx_ISE/14.7/ISE_DS/PlanAhead/data\parts/xilinx/zynq/zynq/xc7z020/ClockRegion.xml
Loading clock buffers from C:/Xilinx_ISE/14.7/ISE_DS/PlanAhead/data\parts/xilinx/zynq/zynq/xc7z020/ClockBuffers.xml
Loading clock placement rules from C:/Xilinx_ISE/14.7/ISE_DS/PlanAhead/data/parts/xilinx/zynq/ClockPlacerRules.xml
Loading package pin functions from C:/Xilinx_ISE/14.7/ISE_DS/PlanAhead/data\parts/xilinx/zynq/PinFunctions.xml...
Loading package from C:/Xilinx_ISE/14.7/ISE_DS/PlanAhead/data\parts/xilinx/zynq/zynq/xc7z020/clg484/Package.xml
Loading io standards from C:/Xilinx_ISE/14.7/ISE_DS/PlanAhead/data\./parts/xilinx/zynq/IOStandards.xml
Loading list of drcs for the architecture : C:/Xilinx_ISE/14.7/ISE_DS/PlanAhead/data\./parts/xilinx/zynq/drc.xml
Parsing UCF File [E:/ISE PRACTICE/led/led/led_blink.ucf]
Finished Parsing UCF File [E:/ISE PRACTICE/led/led/led_blink.ucf]
INFO: [Project 1-111] Unisim Transformation Summary:
No Unisim elements were transformed.

Phase 0 | Netlist Checksum: 125224ee
open_rtl_design: Time (s): elapsed = 00:00:12 . Memory (MB): peak = 821.125 ; gain = 340.660
update_compile_order -fileset sim_1
exit
ERROR: [Common 17-39] 'stop_gui' failed due to earlier errors.
INFO: [Common 17-206] Exiting PlanAhead at Thu May 20 01:06:36 2021...
INFO: [Common 17-83] Releasing license: PlanAhead
